[1.910s] DEBUG:colcon:Command line arguments: ['/usr/bin/colcon', 'build']
[1.911s] DEBUG:colcon:Parsed command line arguments: Namespace(allow_overriding=[], ament_cmake_args=None, base_paths=['.'], build_base='build', catkin_cmake_args=None, catkin_skip_building_tests=False, cmake_args=None, cmake_clean_cache=False, cmake_clean_first=False, cmake_force_configure=False, cmake_target=None, cmake_target_skip_unavailable=False, continue_on_error=False, event_handlers=None, executor='parallel', ignore_user_meta=False, install_base='install', log_base=None, log_level=None, main=<bound method BuildVerb.main of <colcon_core.verb.build.BuildVerb object at 0x7f91baaf98>>, merge_install=False, metas=['./colcon.meta'], packages_above=None, packages_above_and_dependencies=None, packages_above_depth=None, packages_end=None, packages_ignore=None, packages_ignore_regex=None, packages_select=None, packages_select_build_failed=False, packages_select_by_dep=None, packages_select_regex=None, packages_select_test_failures=False, packages_skip=None, packages_skip_build_finished=False, packages_skip_by_dep=None, packages_skip_regex=None, packages_skip_test_passed=False, packages_skip_up_to=None, packages_start=None, packages_up_to=None, packages_up_to_regex=None, parallel_workers=4, paths=None, symlink_install=False, test_result_base=None, verb_extension=<colcon_core.verb.build.BuildVerb object at 0x7f91baaf98>, verb_name='build', verb_parser=<colcon_defaults.argument_parser.defaults.DefaultArgumentsDecorator object at 0x7f91afc4a8>)
[2.027s] Level 1:colcon.colcon_core.package_discovery:discover_packages(colcon_meta) check parameters
[2.028s] Level 1:colcon.colcon_core.package_discovery:discover_packages(recursive) check parameters
[2.028s] Level 1:colcon.colcon_core.package_discovery:discover_packages(ignore) check parameters
[2.028s] Level 1:colcon.colcon_core.package_discovery:discover_packages(path) check parameters
[2.028s] Level 1:colcon.colcon_core.package_discovery:discover_packages(colcon_meta) discover
[2.030s] Level 1:colcon.colcon_core.package_discovery:discover_packages(recursive) discover
[2.030s] INFO:colcon.colcon_core.package_discovery:Crawling recursively for packages in '/home/nanobot1/dev2'
[2.031s] Level 1:colcon.colcon_core.package_identification:_identify(.) by extensions ['ignore', 'ignore_ament_install']
[2.031s] Level 1:colcon.colcon_core.package_identification:_identify(.) by extension 'ignore'
[2.031s] Level 1:colcon.colcon_core.package_identification:_identify(.) by extension 'ignore_ament_install'
[2.032s] Level 1:colcon.colcon_core.package_identification:_identify(.) by extensions ['colcon_pkg']
[2.032s] Level 1:colcon.colcon_core.package_identification:_identify(.) by extension 'colcon_pkg'
[2.032s] Level 1:colcon.colcon_core.package_identification:_identify(.) by extensions ['colcon_meta']
[2.032s] Level 1:colcon.colcon_core.package_identification:_identify(.) by extension 'colcon_meta'
[2.033s] Level 1:colcon.colcon_core.package_identification:_identify(.) by extensions ['ros']
[2.033s] Level 1:colcon.colcon_core.package_identification:_identify(.) by extension 'ros'
[2.089s] Level 1:colcon.colcon_core.package_identification:_identify(.) by extensions ['cmake', 'python']
[2.090s] Level 1:colcon.colcon_core.package_identification:_identify(.) by extension 'cmake'
[2.090s] Level 1:colcon.colcon_core.package_identification:_identify(.) by extension 'python'
[2.090s] Level 1:colcon.colcon_core.package_identification:_identify(.) by extensions ['python_setup_py']
[2.090s] Level 1:colcon.colcon_core.package_identification:_identify(.) by extension 'python_setup_py'
[2.091s] Level 1:colcon.colcon_core.package_identification:_identify(build) by extensions ['ignore', 'ignore_ament_install']
[2.091s] Level 1:colcon.colcon_core.package_identification:_identify(build) by extension 'ignore'
[2.092s] Level 1:colcon.colcon_core.package_identification:_identify(build) ignored
[2.093s] Level 1:colcon.colcon_core.package_identification:_identify(install) by extensions ['ignore', 'ignore_ament_install']
[2.094s] Level 1:colcon.colcon_core.package_identification:_identify(install) by extension 'ignore'
[2.094s] Level 1:colcon.colcon_core.package_identification:_identify(install) ignored
[2.095s] Level 1:colcon.colcon_core.package_identification:_identify(log) by extensions ['ignore', 'ignore_ament_install']
[2.095s] Level 1:colcon.colcon_core.package_identification:_identify(log) by extension 'ignore'
[2.095s] Level 1:colcon.colcon_core.package_identification:_identify(log) ignored
[2.096s] Level 1:colcon.colcon_core.package_identification:_identify(src) by extensions ['ignore', 'ignore_ament_install']
[2.096s] Level 1:colcon.colcon_core.package_identification:_identify(src) by extension 'ignore'
[2.096s] Level 1:colcon.colcon_core.package_identification:_identify(src) by extension 'ignore_ament_install'
[2.097s] Level 1:colcon.colcon_core.package_identification:_identify(src) by extensions ['colcon_pkg']
[2.097s] Level 1:colcon.colcon_core.package_identification:_identify(src) by extension 'colcon_pkg'
[2.097s] Level 1:colcon.colcon_core.package_identification:_identify(src) by extensions ['colcon_meta']
[2.097s] Level 1:colcon.colcon_core.package_identification:_identify(src) by extension 'colcon_meta'
[2.097s] Level 1:colcon.colcon_core.package_identification:_identify(src) by extensions ['ros']
[2.098s] Level 1:colcon.colcon_core.package_identification:_identify(src) by extension 'ros'
[2.098s] Level 1:colcon.colcon_core.package_identification:_identify(src) by extensions ['cmake', 'python']
[2.098s] Level 1:colcon.colcon_core.package_identification:_identify(src) by extension 'cmake'
[2.099s] Level 1:colcon.colcon_core.package_identification:_identify(src) by extension 'python'
[2.099s] Level 1:colcon.colcon_core.package_identification:_identify(src) by extensions ['python_setup_py']
[2.099s] Level 1:colcon.colcon_core.package_identification:_identify(src) by extension 'python_setup_py'
[2.099s] Level 1:colcon.colcon_core.package_identification:_identify(src/cpp_pubsub) by extensions ['ignore', 'ignore_ament_install']
[2.100s] Level 1:colcon.colcon_core.package_identification:_identify(src/cpp_pubsub) by extension 'ignore'
[2.100s] Level 1:colcon.colcon_core.package_identification:_identify(src/cpp_pubsub) by extension 'ignore_ament_install'
[2.100s] Level 1:colcon.colcon_core.package_identification:_identify(src/cpp_pubsub) by extensions ['colcon_pkg']
[2.101s] Level 1:colcon.colcon_core.package_identification:_identify(src/cpp_pubsub) by extension 'colcon_pkg'
[2.101s] Level 1:colcon.colcon_core.package_identification:_identify(src/cpp_pubsub) by extensions ['colcon_meta']
[2.101s] Level 1:colcon.colcon_core.package_identification:_identify(src/cpp_pubsub) by extension 'colcon_meta'
[2.101s] Level 1:colcon.colcon_core.package_identification:_identify(src/cpp_pubsub) by extensions ['ros']
[2.102s] Level 1:colcon.colcon_core.package_identification:_identify(src/cpp_pubsub) by extension 'ros'
[2.115s] DEBUG:colcon.colcon_core.package_identification:Package 'src/cpp_pubsub' with type 'ros.ament_cmake' and name 'cpp_pubsub'
[2.116s] Level 1:colcon.colcon_core.package_discovery:discover_packages(recursive) using defaults
[2.117s] Level 1:colcon.colcon_core.package_discovery:discover_packages(ignore) discover
[2.117s] Level 1:colcon.colcon_core.package_discovery:discover_packages(ignore) using defaults
[2.117s] Level 1:colcon.colcon_core.package_discovery:discover_packages(path) discover
[2.117s] Level 1:colcon.colcon_core.package_discovery:discover_packages(path) using defaults
[2.242s] Level 1:colcon.colcon_core.package_discovery:discover_packages(prefix_path) check parameters
[2.242s] Level 1:colcon.colcon_core.package_discovery:discover_packages(prefix_path) discover
[2.262s] WARNING:colcon.colcon_ros.prefix_path.ament:The path '/home/nanobot1/dev2/install/turtlesim' in the environment variable AMENT_PREFIX_PATH doesn't exist
[2.262s] WARNING:colcon.colcon_ros.prefix_path.ament:The path '/home/nanobot1/dev2/install/my_package' in the environment variable AMENT_PREFIX_PATH doesn't exist
[2.262s] WARNING:colcon.colcon_ros.prefix_path.ament:The path '/home/nanobot1/dev2/install/garrett' in the environment variable AMENT_PREFIX_PATH doesn't exist
[2.263s] WARNING:colcon.colcon_ros.prefix_path.catkin:The path '/home/nanobot1/dev2/install/turtlesim' in the environment variable CMAKE_PREFIX_PATH doesn't exist
[2.263s] WARNING:colcon.colcon_ros.prefix_path.catkin:The path '/home/nanobot1/dev2/install/my_package' in the environment variable CMAKE_PREFIX_PATH doesn't exist
[2.264s] WARNING:colcon.colcon_ros.prefix_path.catkin:The path '/home/nanobot1/dev2/install/garrett' in the environment variable CMAKE_PREFIX_PATH doesn't exist
[2.272s] DEBUG:colcon.colcon_installed_package_information.package_discovery:Found 0 installed packages in /home/nanobot1/dev2/install
[2.283s] DEBUG:colcon.colcon_installed_package_information.package_discovery:Found 232 installed packages in /opt/ros/eloquent
[2.293s] Level 1:colcon.colcon_core.package_discovery:discover_packages(prefix_path) using defaults
[2.730s] Level 5:colcon.colcon_core.verb:set package 'cpp_pubsub' build argument 'cmake_args' from command line to 'None'
[2.730s] Level 5:colcon.colcon_core.verb:set package 'cpp_pubsub' build argument 'cmake_target' from command line to 'None'
[2.731s] Level 5:colcon.colcon_core.verb:set package 'cpp_pubsub' build argument 'cmake_target_skip_unavailable' from command line to 'False'
[2.731s] Level 5:colcon.colcon_core.verb:set package 'cpp_pubsub' build argument 'cmake_clean_cache' from command line to 'False'
[2.731s] Level 5:colcon.colcon_core.verb:set package 'cpp_pubsub' build argument 'cmake_clean_first' from command line to 'False'
[2.731s] Level 5:colcon.colcon_core.verb:set package 'cpp_pubsub' build argument 'cmake_force_configure' from command line to 'False'
[2.731s] Level 5:colcon.colcon_core.verb:set package 'cpp_pubsub' build argument 'ament_cmake_args' from command line to 'None'
[2.731s] Level 5:colcon.colcon_core.verb:set package 'cpp_pubsub' build argument 'catkin_cmake_args' from command line to 'None'
[2.732s] Level 5:colcon.colcon_core.verb:set package 'cpp_pubsub' build argument 'catkin_skip_building_tests' from command line to 'False'
[2.732s] DEBUG:colcon.colcon_core.verb:Building package 'cpp_pubsub' with the following arguments: {'ament_cmake_args': None, 'build_base': '/home/nanobot1/dev2/build/cpp_pubsub', 'catkin_cmake_args': None, 'catkin_skip_building_tests': False, 'cmake_args': None, 'cmake_clean_cache': False, 'cmake_clean_first': False, 'cmake_force_configure': False, 'cmake_target': None, 'cmake_target_skip_unavailable': False, 'install_base': '/home/nanobot1/dev2/install/cpp_pubsub', 'merge_install': False, 'path': '/home/nanobot1/dev2/src/cpp_pubsub', 'symlink_install': False, 'test_result_base': None}
[2.736s] INFO:colcon.colcon_core.executor:Executing jobs using 'parallel' executor
[2.757s] DEBUG:colcon.colcon_parallel_executor.executor.parallel:run_until_complete
[2.758s] INFO:colcon.colcon_ros.task.ament_cmake.build:Building ROS package in '/home/nanobot1/dev2/src/cpp_pubsub' with build type 'ament_cmake'
[2.759s] INFO:colcon.colcon_cmake.task.cmake.build:Building CMake package in '/home/nanobot1/dev2/src/cpp_pubsub'
[2.797s] INFO:colcon.colcon_core.plugin_system:Skipping extension 'colcon_core.shell.bat': Not used on non-Windows systems
[2.798s] INFO:colcon.colcon_core.shell:Skip shell extension 'powershell' for command environment: Not usable outside of PowerShell
[2.798s] DEBUG:colcon.colcon_core.shell:Skip shell extension 'dsv' for command environment
[2.839s] DEBUG:colcon.colcon_core.event_handler.log_command:Invoking command in '/home/nanobot1/dev2/build/cpp_pubsub': CMAKE_PREFIX_PATH=${CMAKE_PREFIX_PATH}:/opt/ros/eloquent /usr/bin/cmake /home/nanobot1/dev2/src/cpp_pubsub -DCMAKE_INSTALL_PREFIX=/home/nanobot1/dev2/install/cpp_pubsub
[9.661s] DEBUG:colcon.colcon_core.event_handler.log_command:Invoked command in '/home/nanobot1/dev2/build/cpp_pubsub' returned '0': CMAKE_PREFIX_PATH=${CMAKE_PREFIX_PATH}:/opt/ros/eloquent /usr/bin/cmake /home/nanobot1/dev2/src/cpp_pubsub -DCMAKE_INSTALL_PREFIX=/home/nanobot1/dev2/install/cpp_pubsub
[9.673s] DEBUG:colcon.colcon_core.event_handler.log_command:Invoking command in '/home/nanobot1/dev2/build/cpp_pubsub': CMAKE_PREFIX_PATH=${CMAKE_PREFIX_PATH}:/opt/ros/eloquent /usr/bin/cmake --build /home/nanobot1/dev2/build/cpp_pubsub -- -j4 -l4
[21.278s] DEBUG:colcon.colcon_core.event_handler.log_command:Invoked command in '/home/nanobot1/dev2/build/cpp_pubsub' returned '0': CMAKE_PREFIX_PATH=${CMAKE_PREFIX_PATH}:/opt/ros/eloquent /usr/bin/cmake --build /home/nanobot1/dev2/build/cpp_pubsub -- -j4 -l4
[21.415s] DEBUG:colcon.colcon_core.event_handler.log_command:Invoking command in '/home/nanobot1/dev2/build/cpp_pubsub': CMAKE_PREFIX_PATH=${CMAKE_PREFIX_PATH}:/opt/ros/eloquent /usr/bin/cmake --build /home/nanobot1/dev2/build/cpp_pubsub --target install -- -j4 -l4
[21.749s] Level 1:colcon.colcon_core.environment:create_environment_scripts_only(cpp_pubsub)
[21.754s] DEBUG:colcon.colcon_core.event_handler.log_command:Invoked command in '/home/nanobot1/dev2/build/cpp_pubsub' returned '0': CMAKE_PREFIX_PATH=${CMAKE_PREFIX_PATH}:/opt/ros/eloquent /usr/bin/cmake --build /home/nanobot1/dev2/build/cpp_pubsub --target install -- -j4 -l4
[21.787s] Level 1:colcon.colcon_core.environment:checking '/home/nanobot1/dev2/install/cpp_pubsub' for CMake module files
[21.790s] Level 1:colcon.colcon_core.environment:checking '/home/nanobot1/dev2/install/cpp_pubsub' for CMake config files
[21.792s] Level 1:colcon.colcon_core.shell:create_environment_hook('cpp_pubsub', 'cmake_prefix_path')
[21.801s] INFO:colcon.colcon_core.shell:Creating environment hook '/home/nanobot1/dev2/install/cpp_pubsub/share/cpp_pubsub/hook/cmake_prefix_path.ps1'
[21.807s] INFO:colcon.colcon_core.shell:Creating environment descriptor '/home/nanobot1/dev2/install/cpp_pubsub/share/cpp_pubsub/hook/cmake_prefix_path.dsv'
[21.810s] INFO:colcon.colcon_core.shell:Creating environment hook '/home/nanobot1/dev2/install/cpp_pubsub/share/cpp_pubsub/hook/cmake_prefix_path.sh'
[21.817s] Level 1:colcon.colcon_core.environment:checking '/home/nanobot1/dev2/install/cpp_pubsub/lib'
[21.818s] Level 1:colcon.colcon_core.environment:checking '/home/nanobot1/dev2/install/cpp_pubsub/bin'
[21.818s] Level 1:colcon.colcon_core.environment:checking '/home/nanobot1/dev2/install/cpp_pubsub/lib/pkgconfig/cpp_pubsub.pc'
[21.819s] Level 1:colcon.colcon_core.environment:checking '/home/nanobot1/dev2/install/cpp_pubsub/lib/python3.6/site-packages'
[21.820s] Level 1:colcon.colcon_core.environment:checking '/home/nanobot1/dev2/install/cpp_pubsub/bin'
[21.829s] INFO:colcon.colcon_core.shell:Creating package script '/home/nanobot1/dev2/install/cpp_pubsub/share/cpp_pubsub/package.ps1'
[21.835s] INFO:colcon.colcon_core.shell:Creating package descriptor '/home/nanobot1/dev2/install/cpp_pubsub/share/cpp_pubsub/package.dsv'
[21.838s] INFO:colcon.colcon_core.shell:Creating package script '/home/nanobot1/dev2/install/cpp_pubsub/share/cpp_pubsub/package.sh'
[21.843s] INFO:colcon.colcon_core.shell:Creating package script '/home/nanobot1/dev2/install/cpp_pubsub/share/cpp_pubsub/package.bash'
[21.849s] INFO:colcon.colcon_core.shell:Creating package script '/home/nanobot1/dev2/install/cpp_pubsub/share/cpp_pubsub/package.zsh'
[21.853s] Level 1:colcon.colcon_core.environment:create_file_with_runtime_dependencies(/home/nanobot1/dev2/install/cpp_pubsub/share/colcon-core/packages/cpp_pubsub)
[21.961s] Level 1:colcon.colcon_core.environment:create_environment_scripts_only(cpp_pubsub)
[21.974s] Level 1:colcon.colcon_core.environment:checking '/home/nanobot1/dev2/install/cpp_pubsub' for CMake module files
[21.977s] Level 1:colcon.colcon_core.environment:checking '/home/nanobot1/dev2/install/cpp_pubsub' for CMake config files
[21.978s] Level 1:colcon.colcon_core.shell:create_environment_hook('cpp_pubsub', 'cmake_prefix_path')
[21.987s] INFO:colcon.colcon_core.shell:Creating environment hook '/home/nanobot1/dev2/install/cpp_pubsub/share/cpp_pubsub/hook/cmake_prefix_path.ps1'
[21.990s] INFO:colcon.colcon_core.shell:Creating environment descriptor '/home/nanobot1/dev2/install/cpp_pubsub/share/cpp_pubsub/hook/cmake_prefix_path.dsv'
[21.992s] INFO:colcon.colcon_core.shell:Creating environment hook '/home/nanobot1/dev2/install/cpp_pubsub/share/cpp_pubsub/hook/cmake_prefix_path.sh'
[21.996s] Level 1:colcon.colcon_core.environment:checking '/home/nanobot1/dev2/install/cpp_pubsub/lib'
[21.996s] Level 1:colcon.colcon_core.environment:checking '/home/nanobot1/dev2/install/cpp_pubsub/bin'
[21.996s] Level 1:colcon.colcon_core.environment:checking '/home/nanobot1/dev2/install/cpp_pubsub/lib/pkgconfig/cpp_pubsub.pc'
[21.997s] Level 1:colcon.colcon_core.environment:checking '/home/nanobot1/dev2/install/cpp_pubsub/lib/python3.6/site-packages'
[21.998s] Level 1:colcon.colcon_core.environment:checking '/home/nanobot1/dev2/install/cpp_pubsub/bin'
[22.007s] INFO:colcon.colcon_core.shell:Creating package script '/home/nanobot1/dev2/install/cpp_pubsub/share/cpp_pubsub/package.ps1'
[22.010s] INFO:colcon.colcon_core.shell:Creating package descriptor '/home/nanobot1/dev2/install/cpp_pubsub/share/cpp_pubsub/package.dsv'
[22.012s] INFO:colcon.colcon_core.shell:Creating package script '/home/nanobot1/dev2/install/cpp_pubsub/share/cpp_pubsub/package.sh'
[22.014s] INFO:colcon.colcon_core.shell:Creating package script '/home/nanobot1/dev2/install/cpp_pubsub/share/cpp_pubsub/package.bash'
[22.016s] INFO:colcon.colcon_core.shell:Creating package script '/home/nanobot1/dev2/install/cpp_pubsub/share/cpp_pubsub/package.zsh'
[22.018s] Level 1:colcon.colcon_core.environment:create_file_with_runtime_dependencies(/home/nanobot1/dev2/install/cpp_pubsub/share/colcon-core/packages/cpp_pubsub)
[22.019s] DEBUG:colcon.colcon_parallel_executor.executor.parallel:closing loop
[22.022s] DEBUG:colcon.colcon_parallel_executor.executor.parallel:loop closed
[22.022s] DEBUG:colcon.colcon_parallel_executor.executor.parallel:run_until_complete finished with '0'
[22.023s] DEBUG:colcon.colcon_core.event_reactor:joining thread
[22.048s] INFO:colcon.colcon_core.plugin_system:Skipping extension 'colcon_notification.desktop_notification.terminal_notifier': Not used on non-Darwin systems
[22.048s] INFO:colcon.colcon_core.plugin_system:Skipping extension 'colcon_notification.desktop_notification.win32': Not used on non-Windows systems
[22.049s] INFO:colcon.colcon_notification.desktop_notification:Sending desktop notification using 'notify2'
[22.122s] DEBUG:colcon.colcon_core.event_reactor:joined thread
[22.131s] INFO:colcon.colcon_core.shell:Creating prefix script '/home/nanobot1/dev2/install/local_setup.ps1'
[22.139s] INFO:colcon.colcon_core.shell:Creating prefix util module '/home/nanobot1/dev2/install/_local_setup_util_ps1.py'
[22.149s] INFO:colcon.colcon_core.shell:Creating prefix chain script '/home/nanobot1/dev2/install/setup.ps1'
[22.158s] INFO:colcon.colcon_core.shell:Creating prefix script '/home/nanobot1/dev2/install/local_setup.sh'
[22.161s] INFO:colcon.colcon_core.shell:Creating prefix util module '/home/nanobot1/dev2/install/_local_setup_util_sh.py'
[22.164s] INFO:colcon.colcon_core.shell:Creating prefix chain script '/home/nanobot1/dev2/install/setup.sh'
[22.172s] INFO:colcon.colcon_core.shell:Creating prefix script '/home/nanobot1/dev2/install/local_setup.bash'
[22.176s] INFO:colcon.colcon_core.shell:Creating prefix chain script '/home/nanobot1/dev2/install/setup.bash'
[22.184s] INFO:colcon.colcon_core.shell:Creating prefix script '/home/nanobot1/dev2/install/local_setup.zsh'
[22.187s] INFO:colcon.colcon_core.shell:Creating prefix chain script '/home/nanobot1/dev2/install/setup.zsh'
