[1.899s] DEBUG:colcon:Command line arguments: ['/usr/bin/colcon', 'build']
[1.900s] DEBUG:colcon:Parsed command line arguments: Namespace(allow_overriding=[], ament_cmake_args=None, base_paths=['.'], build_base='build', catkin_cmake_args=None, catkin_skip_building_tests=False, cmake_args=None, cmake_clean_cache=False, cmake_clean_first=False, cmake_force_configure=False, cmake_target=None, cmake_target_skip_unavailable=False, continue_on_error=False, event_handlers=None, executor='parallel', ignore_user_meta=False, install_base='install', log_base=None, log_level=None, main=<bound method BuildVerb.main of <colcon_core.verb.build.BuildVerb object at 0x7fb65b5fd0>>, merge_install=False, metas=['./colcon.meta'], packages_above=None, packages_above_and_dependencies=None, packages_above_depth=None, packages_end=None, packages_ignore=None, packages_ignore_regex=None, packages_select=None, packages_select_build_failed=False, packages_select_by_dep=None, packages_select_regex=None, packages_select_test_failures=False, packages_skip=None, packages_skip_build_finished=False, packages_skip_by_dep=None, packages_skip_regex=None, packages_skip_test_passed=False, packages_skip_up_to=None, packages_start=None, packages_up_to=None, packages_up_to_regex=None, parallel_workers=4, paths=None, symlink_install=False, test_result_base=None, verb_extension=<colcon_core.verb.build.BuildVerb object at 0x7fb65b5fd0>, verb_name='build', verb_parser=<colcon_defaults.argument_parser.defaults.DefaultArgumentsDecorator object at 0x7fb64d8390>)
[2.029s] Level 1:colcon.colcon_core.package_discovery:discover_packages(colcon_meta) check parameters
[2.030s] Level 1:colcon.colcon_core.package_discovery:discover_packages(recursive) check parameters
[2.030s] Level 1:colcon.colcon_core.package_discovery:discover_packages(ignore) check parameters
[2.030s] Level 1:colcon.colcon_core.package_discovery:discover_packages(path) check parameters
[2.030s] Level 1:colcon.colcon_core.package_discovery:discover_packages(colcon_meta) discover
[2.032s] Level 1:colcon.colcon_core.package_discovery:discover_packages(recursive) discover
[2.032s] INFO:colcon.colcon_core.package_discovery:Crawling recursively for packages in '/home/nanobot1/dev2'
[2.032s] Level 1:colcon.colcon_core.package_identification:_identify(.) by extensions ['ignore', 'ignore_ament_install']
[2.033s] Level 1:colcon.colcon_core.package_identification:_identify(.) by extension 'ignore'
[2.033s] Level 1:colcon.colcon_core.package_identification:_identify(.) by extension 'ignore_ament_install'
[2.034s] Level 1:colcon.colcon_core.package_identification:_identify(.) by extensions ['colcon_pkg']
[2.034s] Level 1:colcon.colcon_core.package_identification:_identify(.) by extension 'colcon_pkg'
[2.034s] Level 1:colcon.colcon_core.package_identification:_identify(.) by extensions ['colcon_meta']
[2.034s] Level 1:colcon.colcon_core.package_identification:_identify(.) by extension 'colcon_meta'
[2.035s] Level 1:colcon.colcon_core.package_identification:_identify(.) by extensions ['ros']
[2.035s] Level 1:colcon.colcon_core.package_identification:_identify(.) by extension 'ros'
[2.096s] Level 1:colcon.colcon_core.package_identification:_identify(.) by extensions ['cmake', 'python']
[2.096s] Level 1:colcon.colcon_core.package_identification:_identify(.) by extension 'cmake'
[2.097s] Level 1:colcon.colcon_core.package_identification:_identify(.) by extension 'python'
[2.097s] Level 1:colcon.colcon_core.package_identification:_identify(.) by extensions ['python_setup_py']
[2.097s] Level 1:colcon.colcon_core.package_identification:_identify(.) by extension 'python_setup_py'
[2.098s] Level 1:colcon.colcon_core.package_identification:_identify(build) by extensions ['ignore', 'ignore_ament_install']
[2.098s] Level 1:colcon.colcon_core.package_identification:_identify(build) by extension 'ignore'
[2.099s] Level 1:colcon.colcon_core.package_identification:_identify(build) ignored
[2.100s] Level 1:colcon.colcon_core.package_identification:_identify(install) by extensions ['ignore', 'ignore_ament_install']
[2.101s] Level 1:colcon.colcon_core.package_identification:_identify(install) by extension 'ignore'
[2.101s] Level 1:colcon.colcon_core.package_identification:_identify(install) ignored
[2.102s] Level 1:colcon.colcon_core.package_identification:_identify(log) by extensions ['ignore', 'ignore_ament_install']
[2.102s] Level 1:colcon.colcon_core.package_identification:_identify(log) by extension 'ignore'
[2.102s] Level 1:colcon.colcon_core.package_identification:_identify(log) ignored
[2.103s] Level 1:colcon.colcon_core.package_identification:_identify(src) by extensions ['ignore', 'ignore_ament_install']
[2.103s] Level 1:colcon.colcon_core.package_identification:_identify(src) by extension 'ignore'
[2.103s] Level 1:colcon.colcon_core.package_identification:_identify(src) by extension 'ignore_ament_install'
[2.104s] Level 1:colcon.colcon_core.package_identification:_identify(src) by extensions ['colcon_pkg']
[2.104s] Level 1:colcon.colcon_core.package_identification:_identify(src) by extension 'colcon_pkg'
[2.104s] Level 1:colcon.colcon_core.package_identification:_identify(src) by extensions ['colcon_meta']
[2.104s] Level 1:colcon.colcon_core.package_identification:_identify(src) by extension 'colcon_meta'
[2.105s] Level 1:colcon.colcon_core.package_identification:_identify(src) by extensions ['ros']
[2.105s] Level 1:colcon.colcon_core.package_identification:_identify(src) by extension 'ros'
[2.105s] Level 1:colcon.colcon_core.package_identification:_identify(src) by extensions ['cmake', 'python']
[2.105s] Level 1:colcon.colcon_core.package_identification:_identify(src) by extension 'cmake'
[2.106s] Level 1:colcon.colcon_core.package_identification:_identify(src) by extension 'python'
[2.106s] Level 1:colcon.colcon_core.package_identification:_identify(src) by extensions ['python_setup_py']
[2.106s] Level 1:colcon.colcon_core.package_identification:_identify(src) by extension 'python_setup_py'
[2.107s] Level 1:colcon.colcon_core.package_identification:_identify(src/cpp_pubsub) by extensions ['ignore', 'ignore_ament_install']
[2.107s] Level 1:colcon.colcon_core.package_identification:_identify(src/cpp_pubsub) by extension 'ignore'
[2.107s] Level 1:colcon.colcon_core.package_identification:_identify(src/cpp_pubsub) by extension 'ignore_ament_install'
[2.108s] Level 1:colcon.colcon_core.package_identification:_identify(src/cpp_pubsub) by extensions ['colcon_pkg']
[2.108s] Level 1:colcon.colcon_core.package_identification:_identify(src/cpp_pubsub) by extension 'colcon_pkg'
[2.108s] Level 1:colcon.colcon_core.package_identification:_identify(src/cpp_pubsub) by extensions ['colcon_meta']
[2.108s] Level 1:colcon.colcon_core.package_identification:_identify(src/cpp_pubsub) by extension 'colcon_meta'
[2.109s] Level 1:colcon.colcon_core.package_identification:_identify(src/cpp_pubsub) by extensions ['ros']
[2.109s] Level 1:colcon.colcon_core.package_identification:_identify(src/cpp_pubsub) by extension 'ros'
[2.122s] DEBUG:colcon.colcon_core.package_identification:Package 'src/cpp_pubsub' with type 'ros.ament_cmake' and name 'cpp_pubsub'
[2.123s] Level 1:colcon.colcon_core.package_discovery:discover_packages(recursive) using defaults
[2.124s] Level 1:colcon.colcon_core.package_discovery:discover_packages(ignore) discover
[2.124s] Level 1:colcon.colcon_core.package_discovery:discover_packages(ignore) using defaults
[2.124s] Level 1:colcon.colcon_core.package_discovery:discover_packages(path) discover
[2.125s] Level 1:colcon.colcon_core.package_discovery:discover_packages(path) using defaults
[2.255s] Level 1:colcon.colcon_core.package_discovery:discover_packages(prefix_path) check parameters
[2.256s] Level 1:colcon.colcon_core.package_discovery:discover_packages(prefix_path) discover
[2.273s] DEBUG:colcon.colcon_installed_package_information.package_discovery:Found 1 installed packages in /home/nanobot1/dev2/install
[2.285s] DEBUG:colcon.colcon_installed_package_information.package_discovery:Found 232 installed packages in /opt/ros/eloquent
[2.297s] Level 1:colcon.colcon_core.package_discovery:discover_packages(prefix_path) using defaults
[2.674s] Level 5:colcon.colcon_core.verb:set package 'cpp_pubsub' build argument 'cmake_args' from command line to 'None'
[2.675s] Level 5:colcon.colcon_core.verb:set package 'cpp_pubsub' build argument 'cmake_target' from command line to 'None'
[2.675s] Level 5:colcon.colcon_core.verb:set package 'cpp_pubsub' build argument 'cmake_target_skip_unavailable' from command line to 'False'
[2.675s] Level 5:colcon.colcon_core.verb:set package 'cpp_pubsub' build argument 'cmake_clean_cache' from command line to 'False'
[2.675s] Level 5:colcon.colcon_core.verb:set package 'cpp_pubsub' build argument 'cmake_clean_first' from command line to 'False'
[2.675s] Level 5:colcon.colcon_core.verb:set package 'cpp_pubsub' build argument 'cmake_force_configure' from command line to 'False'
[2.675s] Level 5:colcon.colcon_core.verb:set package 'cpp_pubsub' build argument 'ament_cmake_args' from command line to 'None'
[2.676s] Level 5:colcon.colcon_core.verb:set package 'cpp_pubsub' build argument 'catkin_cmake_args' from command line to 'None'
[2.676s] Level 5:colcon.colcon_core.verb:set package 'cpp_pubsub' build argument 'catkin_skip_building_tests' from command line to 'False'
[2.676s] DEBUG:colcon.colcon_core.verb:Building package 'cpp_pubsub' with the following arguments: {'ament_cmake_args': None, 'build_base': '/home/nanobot1/dev2/build/cpp_pubsub', 'catkin_cmake_args': None, 'catkin_skip_building_tests': False, 'cmake_args': None, 'cmake_clean_cache': False, 'cmake_clean_first': False, 'cmake_force_configure': False, 'cmake_target': None, 'cmake_target_skip_unavailable': False, 'install_base': '/home/nanobot1/dev2/install/cpp_pubsub', 'merge_install': False, 'path': '/home/nanobot1/dev2/src/cpp_pubsub', 'symlink_install': False, 'test_result_base': None}
[2.680s] INFO:colcon.colcon_core.executor:Executing jobs using 'parallel' executor
[2.701s] DEBUG:colcon.colcon_parallel_executor.executor.parallel:run_until_complete
[2.702s] INFO:colcon.colcon_ros.task.ament_cmake.build:Building ROS package in '/home/nanobot1/dev2/src/cpp_pubsub' with build type 'ament_cmake'
[2.703s] INFO:colcon.colcon_cmake.task.cmake.build:Building CMake package in '/home/nanobot1/dev2/src/cpp_pubsub'
[2.727s] INFO:colcon.colcon_core.plugin_system:Skipping extension 'colcon_core.shell.bat': Not used on non-Windows systems
[2.729s] INFO:colcon.colcon_core.shell:Skip shell extension 'powershell' for command environment: Not usable outside of PowerShell
[2.729s] DEBUG:colcon.colcon_core.shell:Skip shell extension 'dsv' for command environment
[2.777s] DEBUG:colcon.colcon_core.event_handler.log_command:Invoking command in '/home/nanobot1/dev2/build/cpp_pubsub': CMAKE_PREFIX_PATH=${CMAKE_PREFIX_PATH}:/opt/ros/eloquent /usr/bin/cmake --build /home/nanobot1/dev2/build/cpp_pubsub -- -j4 -l4
[3.068s] DEBUG:colcon.colcon_core.event_handler.log_command:Invoked command in '/home/nanobot1/dev2/build/cpp_pubsub' returned '0': CMAKE_PREFIX_PATH=${CMAKE_PREFIX_PATH}:/opt/ros/eloquent /usr/bin/cmake --build /home/nanobot1/dev2/build/cpp_pubsub -- -j4 -l4
[3.203s] DEBUG:colcon.colcon_core.event_handler.log_command:Invoking command in '/home/nanobot1/dev2/build/cpp_pubsub': CMAKE_PREFIX_PATH=${CMAKE_PREFIX_PATH}:/opt/ros/eloquent /usr/bin/cmake --build /home/nanobot1/dev2/build/cpp_pubsub --target install -- -j4 -l4
[3.529s] Level 1:colcon.colcon_core.environment:create_environment_scripts_only(cpp_pubsub)
[3.534s] DEBUG:colcon.colcon_core.event_handler.log_command:Invoked command in '/home/nanobot1/dev2/build/cpp_pubsub' returned '0': CMAKE_PREFIX_PATH=${CMAKE_PREFIX_PATH}:/opt/ros/eloquent /usr/bin/cmake --build /home/nanobot1/dev2/build/cpp_pubsub --target install -- -j4 -l4
[3.562s] Level 1:colcon.colcon_core.environment:checking '/home/nanobot1/dev2/install/cpp_pubsub' for CMake module files
[3.566s] Level 1:colcon.colcon_core.environment:checking '/home/nanobot1/dev2/install/cpp_pubsub' for CMake config files
[3.568s] Level 1:colcon.colcon_core.shell:create_environment_hook('cpp_pubsub', 'cmake_prefix_path')
[3.578s] INFO:colcon.colcon_core.shell:Creating environment hook '/home/nanobot1/dev2/install/cpp_pubsub/share/cpp_pubsub/hook/cmake_prefix_path.ps1'
[3.581s] INFO:colcon.colcon_core.shell:Creating environment descriptor '/home/nanobot1/dev2/install/cpp_pubsub/share/cpp_pubsub/hook/cmake_prefix_path.dsv'
[3.584s] INFO:colcon.colcon_core.shell:Creating environment hook '/home/nanobot1/dev2/install/cpp_pubsub/share/cpp_pubsub/hook/cmake_prefix_path.sh'
[3.591s] Level 1:colcon.colcon_core.environment:checking '/home/nanobot1/dev2/install/cpp_pubsub/lib'
[3.592s] Level 1:colcon.colcon_core.environment:checking '/home/nanobot1/dev2/install/cpp_pubsub/bin'
[3.593s] Level 1:colcon.colcon_core.environment:checking '/home/nanobot1/dev2/install/cpp_pubsub/lib/pkgconfig/cpp_pubsub.pc'
[3.594s] Level 1:colcon.colcon_core.environment:checking '/home/nanobot1/dev2/install/cpp_pubsub/lib/python3.6/site-packages'
[3.595s] Level 1:colcon.colcon_core.environment:checking '/home/nanobot1/dev2/install/cpp_pubsub/bin'
[3.605s] INFO:colcon.colcon_core.shell:Creating package script '/home/nanobot1/dev2/install/cpp_pubsub/share/cpp_pubsub/package.ps1'
[3.611s] INFO:colcon.colcon_core.shell:Creating package descriptor '/home/nanobot1/dev2/install/cpp_pubsub/share/cpp_pubsub/package.dsv'
[3.615s] INFO:colcon.colcon_core.shell:Creating package script '/home/nanobot1/dev2/install/cpp_pubsub/share/cpp_pubsub/package.sh'
[3.620s] INFO:colcon.colcon_core.shell:Creating package script '/home/nanobot1/dev2/install/cpp_pubsub/share/cpp_pubsub/package.bash'
[3.626s] INFO:colcon.colcon_core.shell:Creating package script '/home/nanobot1/dev2/install/cpp_pubsub/share/cpp_pubsub/package.zsh'
[3.630s] Level 1:colcon.colcon_core.environment:create_file_with_runtime_dependencies(/home/nanobot1/dev2/install/cpp_pubsub/share/colcon-core/packages/cpp_pubsub)
[3.741s] Level 1:colcon.colcon_core.environment:create_environment_scripts_only(cpp_pubsub)
[3.755s] Level 1:colcon.colcon_core.environment:checking '/home/nanobot1/dev2/install/cpp_pubsub' for CMake module files
[3.759s] Level 1:colcon.colcon_core.environment:checking '/home/nanobot1/dev2/install/cpp_pubsub' for CMake config files
[3.761s] Level 1:colcon.colcon_core.shell:create_environment_hook('cpp_pubsub', 'cmake_prefix_path')
[3.770s] INFO:colcon.colcon_core.shell:Creating environment hook '/home/nanobot1/dev2/install/cpp_pubsub/share/cpp_pubsub/hook/cmake_prefix_path.ps1'
[3.772s] INFO:colcon.colcon_core.shell:Creating environment descriptor '/home/nanobot1/dev2/install/cpp_pubsub/share/cpp_pubsub/hook/cmake_prefix_path.dsv'
[3.774s] INFO:colcon.colcon_core.shell:Creating environment hook '/home/nanobot1/dev2/install/cpp_pubsub/share/cpp_pubsub/hook/cmake_prefix_path.sh'
[3.777s] Level 1:colcon.colcon_core.environment:checking '/home/nanobot1/dev2/install/cpp_pubsub/lib'
[3.777s] Level 1:colcon.colcon_core.environment:checking '/home/nanobot1/dev2/install/cpp_pubsub/bin'
[3.778s] Level 1:colcon.colcon_core.environment:checking '/home/nanobot1/dev2/install/cpp_pubsub/lib/pkgconfig/cpp_pubsub.pc'
[3.779s] Level 1:colcon.colcon_core.environment:checking '/home/nanobot1/dev2/install/cpp_pubsub/lib/python3.6/site-packages'
[3.780s] Level 1:colcon.colcon_core.environment:checking '/home/nanobot1/dev2/install/cpp_pubsub/bin'
[3.788s] INFO:colcon.colcon_core.shell:Creating package script '/home/nanobot1/dev2/install/cpp_pubsub/share/cpp_pubsub/package.ps1'
[3.791s] INFO:colcon.colcon_core.shell:Creating package descriptor '/home/nanobot1/dev2/install/cpp_pubsub/share/cpp_pubsub/package.dsv'
[3.793s] INFO:colcon.colcon_core.shell:Creating package script '/home/nanobot1/dev2/install/cpp_pubsub/share/cpp_pubsub/package.sh'
[3.795s] INFO:colcon.colcon_core.shell:Creating package script '/home/nanobot1/dev2/install/cpp_pubsub/share/cpp_pubsub/package.bash'
[3.796s] INFO:colcon.colcon_core.shell:Creating package script '/home/nanobot1/dev2/install/cpp_pubsub/share/cpp_pubsub/package.zsh'
[3.798s] Level 1:colcon.colcon_core.environment:create_file_with_runtime_dependencies(/home/nanobot1/dev2/install/cpp_pubsub/share/colcon-core/packages/cpp_pubsub)
[3.799s] DEBUG:colcon.colcon_parallel_executor.executor.parallel:closing loop
[3.801s] DEBUG:colcon.colcon_parallel_executor.executor.parallel:loop closed
[3.801s] DEBUG:colcon.colcon_parallel_executor.executor.parallel:run_until_complete finished with '0'
[3.802s] DEBUG:colcon.colcon_core.event_reactor:joining thread
[3.825s] INFO:colcon.colcon_core.plugin_system:Skipping extension 'colcon_notification.desktop_notification.terminal_notifier': Not used on non-Darwin systems
[3.826s] INFO:colcon.colcon_core.plugin_system:Skipping extension 'colcon_notification.desktop_notification.win32': Not used on non-Windows systems
[3.826s] INFO:colcon.colcon_notification.desktop_notification:Sending desktop notification using 'notify2'
[3.851s] DEBUG:colcon.colcon_core.event_reactor:joined thread
[3.859s] INFO:colcon.colcon_core.shell:Creating prefix script '/home/nanobot1/dev2/install/local_setup.ps1'
[3.865s] INFO:colcon.colcon_core.shell:Creating prefix util module '/home/nanobot1/dev2/install/_local_setup_util_ps1.py'
[3.875s] INFO:colcon.colcon_core.shell:Creating prefix chain script '/home/nanobot1/dev2/install/setup.ps1'
[3.882s] INFO:colcon.colcon_core.shell:Creating prefix script '/home/nanobot1/dev2/install/local_setup.sh'
[3.885s] INFO:colcon.colcon_core.shell:Creating prefix util module '/home/nanobot1/dev2/install/_local_setup_util_sh.py'
[3.888s] INFO:colcon.colcon_core.shell:Creating prefix chain script '/home/nanobot1/dev2/install/setup.sh'
[3.896s] INFO:colcon.colcon_core.shell:Creating prefix script '/home/nanobot1/dev2/install/local_setup.bash'
[3.898s] INFO:colcon.colcon_core.shell:Creating prefix chain script '/home/nanobot1/dev2/install/setup.bash'
[3.906s] INFO:colcon.colcon_core.shell:Creating prefix script '/home/nanobot1/dev2/install/local_setup.zsh'
[3.908s] INFO:colcon.colcon_core.shell:Creating prefix chain script '/home/nanobot1/dev2/install/setup.zsh'
