[0.076s] Invoking command in '/home/nanobot1/dev2/build/cpp_pubsub': CMAKE_PREFIX_PATH=${CMAKE_PREFIX_PATH}:/opt/ros/eloquent /usr/bin/cmake /home/nanobot1/dev2/src/cpp_pubsub -DCMAKE_INSTALL_PREFIX=/home/nanobot1/dev2/install/cpp_pubsub
[0.267s] -- The C compiler identification is GNU 7.5.0
[0.437s] -- The CXX compiler identification is GNU 7.5.0
[0.449s] -- Check for working C compiler: /usr/bin/cc
[0.674s] -- Check for working C compiler: /usr/bin/cc -- works
[0.676s] -- Detecting C compiler ABI info
[0.919s] -- Detecting C compiler ABI info - done
[0.938s] -- Detecting C compile features
[1.627s] -- Detecting C compile features - done
[1.634s] -- Check for working CXX compiler: /usr/bin/c++
[1.892s] -- Check for working CXX compiler: /usr/bin/c++ -- works
[1.894s] -- Detecting CXX compiler ABI info
[2.158s] -- Detecting CXX compiler ABI info - done
[2.176s] -- Detecting CXX compile features
[3.312s] -- Detecting CXX compile features - done
[3.324s] -- Found ament_cmake: 0.8.3 (/opt/ros/eloquent/share/ament_cmake/cmake)
[3.448s] -- Found PythonInterp: /usr/bin/python3 (found suitable version "3.6.9", minimum required is "3") 
[3.448s] -- Using PYTHON_EXECUTABLE: /usr/bin/python3
[4.679s] -- Found rclcpp: 0.8.5 (/opt/ros/eloquent/share/rclcpp/cmake)
[4.799s] -- Found rosidl_adapter: 0.8.3 (/opt/ros/eloquent/share/rosidl_adapter/cmake)
[5.020s] -- Found rmw_implementation_cmake: 0.8.1 (/opt/ros/eloquent/share/rmw_implementation_cmake/cmake)
[5.028s] -- Using RMW implementation 'rmw_fastrtps_cpp' as default
[5.033s] -- Looking for pthread.h
[5.278s] -- Looking for pthread.h - found
[5.282s] -- Looking for pthread_create
[5.537s] -- Looking for pthread_create - not found
[5.537s] -- Looking for pthread_create in pthreads
[5.763s] -- Looking for pthread_create in pthreads - not found
[5.764s] -- Looking for pthread_create in pthread
[6.007s] -- Looking for pthread_create in pthread - found
[6.011s] -- Found Threads: TRUE  
[6.204s] -- Found std_msgs: 0.8.1 (/opt/ros/eloquent/share/std_msgs/cmake)
[6.371s] -- Found ament_lint_auto: 0.8.2 (/opt/ros/eloquent/share/ament_lint_auto/cmake)
[6.747s] -- Added test 'copyright' to check for copyright in CMake / C / C++ / Python code
[6.751s] -- Added test 'cppcheck' to perform static code analysis on C / C++ code
[6.752s] -- Configured cppcheck include dirs: 
[6.756s] -- Added test 'cpplint' to check C / C++ code against the Google style
[6.759s] -- Added test 'lint_cmake' to check CMake code style
[6.763s] -- Added test 'uncrustify' to check C / C++ code style
[6.765s] -- Added test 'xmllint' to check XML markup files
[6.775s] -- Configuring done
[6.877s] -- Generating done
[6.883s] -- Build files have been written to: /home/nanobot1/dev2/build/cpp_pubsub
[6.897s] Invoked command in '/home/nanobot1/dev2/build/cpp_pubsub' returned '0': CMAKE_PREFIX_PATH=${CMAKE_PREFIX_PATH}:/opt/ros/eloquent /usr/bin/cmake /home/nanobot1/dev2/src/cpp_pubsub -DCMAKE_INSTALL_PREFIX=/home/nanobot1/dev2/install/cpp_pubsub
[6.910s] Invoking command in '/home/nanobot1/dev2/build/cpp_pubsub': CMAKE_PREFIX_PATH=${CMAKE_PREFIX_PATH}:/opt/ros/eloquent /usr/bin/cmake --build /home/nanobot1/dev2/build/cpp_pubsub -- -j4 -l4
[7.065s] [35m[1mScanning dependencies of target talker[0m
[7.065s] [35m[1mScanning dependencies of target listener[0m
[7.263s] [ 25%] [32mBuilding CXX object CMakeFiles/talker.dir/src/publisher_member_function.cpp.o[0m
[7.266s] [ 50%] [32mBuilding CXX object CMakeFiles/listener.dir/src/subscriber_member_function.cpp.o[0m
[16.103s] [ 75%] [32m[1mLinking CXX executable talker[0m
[16.744s] [ 75%] Built target talker
[17.849s] [100%] [32m[1mLinking CXX executable listener[0m
[18.476s] [100%] Built target listener
[18.515s] Invoked command in '/home/nanobot1/dev2/build/cpp_pubsub' returned '0': CMAKE_PREFIX_PATH=${CMAKE_PREFIX_PATH}:/opt/ros/eloquent /usr/bin/cmake --build /home/nanobot1/dev2/build/cpp_pubsub -- -j4 -l4
[18.652s] Invoking command in '/home/nanobot1/dev2/build/cpp_pubsub': CMAKE_PREFIX_PATH=${CMAKE_PREFIX_PATH}:/opt/ros/eloquent /usr/bin/cmake --build /home/nanobot1/dev2/build/cpp_pubsub --target install -- -j4 -l4
[18.860s] [100%] Built target talker
[18.861s] [100%] Built target listener
[18.927s] [36mInstall the project...[0m
[18.960s] -- Install configuration: ""
[18.961s] -- Installing: /home/nanobot1/dev2/install/cpp_pubsub/lib/cpp_pubsub/talker
[18.964s] -- Set runtime path of "/home/nanobot1/dev2/install/cpp_pubsub/lib/cpp_pubsub/talker" to ""
[18.965s] -- Up-to-date: /home/nanobot1/dev2/install/cpp_pubsub/lib/cpp_pubsub/talker
[18.966s] -- Installing: /home/nanobot1/dev2/install/cpp_pubsub/lib/cpp_pubsub/listener
[18.970s] -- Set runtime path of "/home/nanobot1/dev2/install/cpp_pubsub/lib/cpp_pubsub/listener" to ""
[18.971s] -- Installing: /home/nanobot1/dev2/install/cpp_pubsub/share/ament_index/resource_index/package_run_dependencies/cpp_pubsub
[18.972s] -- Installing: /home/nanobot1/dev2/install/cpp_pubsub/share/ament_index/resource_index/parent_prefix_path/cpp_pubsub
[18.973s] -- Installing: /home/nanobot1/dev2/install/cpp_pubsub/share/cpp_pubsub/environment/ament_prefix_path.sh
[18.973s] -- Installing: /home/nanobot1/dev2/install/cpp_pubsub/share/cpp_pubsub/environment/ament_prefix_path.dsv
[18.974s] -- Installing: /home/nanobot1/dev2/install/cpp_pubsub/share/cpp_pubsub/environment/path.sh
[18.974s] -- Installing: /home/nanobot1/dev2/install/cpp_pubsub/share/cpp_pubsub/environment/path.dsv
[18.975s] -- Installing: /home/nanobot1/dev2/install/cpp_pubsub/share/cpp_pubsub/local_setup.bash
[18.976s] -- Installing: /home/nanobot1/dev2/install/cpp_pubsub/share/cpp_pubsub/local_setup.sh
[18.976s] -- Installing: /home/nanobot1/dev2/install/cpp_pubsub/share/cpp_pubsub/local_setup.zsh
[18.977s] -- Installing: /home/nanobot1/dev2/install/cpp_pubsub/share/cpp_pubsub/local_setup.dsv
[18.977s] -- Installing: /home/nanobot1/dev2/install/cpp_pubsub/share/cpp_pubsub/package.dsv
[18.978s] -- Installing: /home/nanobot1/dev2/install/cpp_pubsub/share/ament_index/resource_index/packages/cpp_pubsub
[18.979s] -- Installing: /home/nanobot1/dev2/install/cpp_pubsub/share/cpp_pubsub/cmake/cpp_pubsubConfig.cmake
[18.979s] -- Installing: /home/nanobot1/dev2/install/cpp_pubsub/share/cpp_pubsub/cmake/cpp_pubsubConfig-version.cmake
[18.980s] -- Installing: /home/nanobot1/dev2/install/cpp_pubsub/share/cpp_pubsub/package.xml
[18.991s] Invoked command in '/home/nanobot1/dev2/build/cpp_pubsub' returned '0': CMAKE_PREFIX_PATH=${CMAKE_PREFIX_PATH}:/opt/ros/eloquent /usr/bin/cmake --build /home/nanobot1/dev2/build/cpp_pubsub --target install -- -j4 -l4
