-- Found ament_cmake: 0.8.3 (/opt/ros/eloquent/share/ament_cmake/cmake)
-- Using PYTHON_EXECUTABLE: /usr/bin/python3
-- Found rclcpp: 0.8.5 (/opt/ros/eloquent/share/rclcpp/cmake)
-- Found rosidl_adapter: 0.8.3 (/opt/ros/eloquent/share/rosidl_adapter/cmake)
-- Found rmw_implementation_cmake: 0.8.1 (/opt/ros/eloquent/share/rmw_implementation_cmake/cmake)
-- Using RMW implementation 'rmw_fastrtps_cpp' as default
-- Found std_msgs: 0.8.1 (/opt/ros/eloquent/share/std_msgs/cmake)
-- Found ament_lint_auto: 0.8.2 (/opt/ros/eloquent/share/ament_lint_auto/cmake)
-- Added test 'copyright' to check for copyright in CMake / C / C++ / Python code
-- Added test 'cppcheck' to perform static code analysis on C / C++ code
-- Configured cppcheck include dirs: 
-- Added test 'cpplint' to check C / C++ code against the Google style
-- Added test 'lint_cmake' to check CMake code style
-- Added test 'uncrustify' to check C / C++ code style
-- Added test 'xmllint' to check XML markup files
-- Configuring done
-- Generating done
-- Build files have been written to: /home/nanobot1/dev2/build/cpp_pubsub
[35m[1mScanning dependencies of target talker[0m
[ 50%] Built target listener
[ 75%] [32mBuilding CXX object CMakeFiles/talker.dir/src/publisher_member_function.cpp.o[0m
[100%] [32m[1mLinking CXX executable talker[0m
[100%] Built target talker
[100%] Built target talker
[100%] Built target listener
[36mInstall the project...[0m
-- Install configuration: ""
-- Installing: /home/nanobot1/dev2/install/cpp_pubsub/lib/cpp_pubsub/talker
-- Set runtime path of "/home/nanobot1/dev2/install/cpp_pubsub/lib/cpp_pubsub/talker" to ""
-- Up-to-date: /home/nanobot1/dev2/install/cpp_pubsub/lib/cpp_pubsub/talker
-- Up-to-date: /home/nanobot1/dev2/install/cpp_pubsub/lib/cpp_pubsub/listener
CMake Error at cmake_install.cmake:101 (file):
  file INSTALL cannot find "/home/nanobot1/dev2/src/cpp_pubsub/launch".


make: *** [install] Error 1
Makefile:73: recipe for target 'install' failed
