[0.080s] Invoking command in '/home/nanobot1/dev2/build/cpp_pubsub': CMAKE_PREFIX_PATH=/opt/ros/eloquent /usr/bin/cmake --build /home/nanobot1/dev2/build/cpp_pubsub -- -j4 -l4
[0.185s] -- Found ament_cmake: 0.8.3 (/opt/ros/eloquent/share/ament_cmake/cmake)
[0.295s] -- Using PYTHON_EXECUTABLE: /usr/bin/python3
[1.453s] -- Found rclcpp: 0.8.5 (/opt/ros/eloquent/share/rclcpp/cmake)
[1.499s] -- Found rosidl_adapter: 0.8.3 (/opt/ros/eloquent/share/rosidl_adapter/cmake)
[1.630s] -- Found rmw_implementation_cmake: 0.8.1 (/opt/ros/eloquent/share/rmw_implementation_cmake/cmake)
[1.635s] -- Using RMW implementation 'rmw_fastrtps_cpp' as default
[1.753s] -- Found std_msgs: 0.8.1 (/opt/ros/eloquent/share/std_msgs/cmake)
[1.904s] -- Found ament_lint_auto: 0.8.2 (/opt/ros/eloquent/share/ament_lint_auto/cmake)
[2.213s] -- Added test 'copyright' to check for copyright in CMake / C / C++ / Python code
[2.217s] -- Added test 'cppcheck' to perform static code analysis on C / C++ code
[2.218s] -- Configured cppcheck include dirs: 
[2.221s] -- Added test 'cpplint' to check C / C++ code against the Google style
[2.223s] -- Added test 'lint_cmake' to check CMake code style
[2.226s] -- Added test 'uncrustify' to check C / C++ code style
[2.228s] -- Added test 'xmllint' to check XML markup files
[2.237s] -- Configuring done
[2.313s] -- Generating done
[2.319s] -- Build files have been written to: /home/nanobot1/dev2/build/cpp_pubsub
[2.404s] [35m[1mScanning dependencies of target talker[0m
[2.458s] [ 50%] Built target listener
[2.499s] [ 75%] [32mBuilding CXX object CMakeFiles/talker.dir/src/publisher_member_function.cpp.o[0m
[10.998s] [100%] [32m[1mLinking CXX executable talker[0m
[11.660s] [100%] Built target talker
[11.699s] Invoked command in '/home/nanobot1/dev2/build/cpp_pubsub' returned '0': CMAKE_PREFIX_PATH=/opt/ros/eloquent /usr/bin/cmake --build /home/nanobot1/dev2/build/cpp_pubsub -- -j4 -l4
[11.834s] Invoking command in '/home/nanobot1/dev2/build/cpp_pubsub': CMAKE_PREFIX_PATH=/opt/ros/eloquent /usr/bin/cmake --build /home/nanobot1/dev2/build/cpp_pubsub --target install -- -j4 -l4
[12.040s] [100%] Built target talker
[12.041s] [100%] Built target listener
[12.107s] [36mInstall the project...[0m
[12.139s] -- Install configuration: ""
[12.143s] -- Installing: /home/nanobot1/dev2/install/cpp_pubsub/lib/cpp_pubsub/talker
[12.147s] -- Set runtime path of "/home/nanobot1/dev2/install/cpp_pubsub/lib/cpp_pubsub/talker" to ""
[12.147s] -- Up-to-date: /home/nanobot1/dev2/install/cpp_pubsub/lib/cpp_pubsub/talker
[12.150s] -- Up-to-date: /home/nanobot1/dev2/install/cpp_pubsub/lib/cpp_pubsub/listener
[12.151s] CMake Error at cmake_install.cmake:101 (file):
[12.152s]   file INSTALL cannot find "/home/nanobot1/dev2/src/cpp_pubsub/launch".
[12.152s] 
[12.153s] 
[12.158s] make: *** [install] Error 1
[12.159s] Makefile:73: recipe for target 'install' failed
[12.162s] Invoked command in '/home/nanobot1/dev2/build/cpp_pubsub' returned '2': CMAKE_PREFIX_PATH=/opt/ros/eloquent /usr/bin/cmake --build /home/nanobot1/dev2/build/cpp_pubsub --target install -- -j4 -l4
