Determining if the pthread_create exist failed with the following output:
Change Dir: /home/nanobot1/dev2/build/CMakeFiles/CMakeTmp

Run Build Command:"/usr/bin/make" "cmTC_62223/fast"
/usr/bin/make -f CMakeFiles/cmTC_62223.dir/build.make CMakeFiles/cmTC_62223.dir/build
make[1]: Entering directory '/home/nanobot1/dev2/build/CMakeFiles/CMakeTmp'
Building C object CMakeFiles/cmTC_62223.dir/CheckSymbolExists.c.o
/usr/bin/aarch64-linux-gnu-gcc    -o CMakeFiles/cmTC_62223.dir/CheckSymbolExists.c.o   -c /home/nanobot1/dev2/build/CMakeFiles/CMakeTmp/CheckSymbolExists.c
Linking C executable cmTC_62223
/usr/bin/cmake -E cmake_link_script CMakeFiles/cmTC_62223.dir/link.txt --verbose=1
/usr/bin/aarch64-linux-gnu-gcc      CMakeFiles/cmTC_62223.dir/CheckSymbolExists.c.o  -o cmTC_62223 
CMakeFiles/cmTC_62223.dir/CheckSymbolExists.c.o: In function `main':
CheckSymbolExists.c:(.text+0x14): undefined reference to `pthread_create'
CheckSymbolExists.c:(.text+0x18): undefined reference to `pthread_create'
collect2: error: ld returned 1 exit status
CMakeFiles/cmTC_62223.dir/build.make:97: recipe for target 'cmTC_62223' failed
make[1]: *** [cmTC_62223] Error 1
make[1]: Leaving directory '/home/nanobot1/dev2/build/CMakeFiles/CMakeTmp'
Makefile:126: recipe for target 'cmTC_62223/fast' failed
make: *** [cmTC_62223/fast] Error 2

File /home/nanobot1/dev2/build/CMakeFiles/CMakeTmp/CheckSymbolExists.c:
/* */
#include <pthread.h>

int main(int argc, char** argv)
{
  (void)argv;
#ifndef pthread_create
  return ((int*)(&pthread_create))[argc];
#else
  (void)argc;
  return 0;
#endif
}

Determining if the function pthread_create exists in the pthreads failed with the following output:
Change Dir: /home/nanobot1/dev2/build/CMakeFiles/CMakeTmp

Run Build Command:"/usr/bin/make" "cmTC_672f5/fast"
/usr/bin/make -f CMakeFiles/cmTC_672f5.dir/build.make CMakeFiles/cmTC_672f5.dir/build
make[1]: Entering directory '/home/nanobot1/dev2/build/CMakeFiles/CMakeTmp'
Building C object CMakeFiles/cmTC_672f5.dir/CheckFunctionExists.c.o
/usr/bin/aarch64-linux-gnu-gcc   -DCHECK_FUNCTION_EXISTS=pthread_create   -o CMakeFiles/cmTC_672f5.dir/CheckFunctionExists.c.o   -c /usr/share/cmake-3.10/Modules/CheckFunctionExists.c
Linking C executable cmTC_672f5
/usr/bin/cmake -E cmake_link_script CMakeFiles/cmTC_672f5.dir/link.txt --verbose=1
/usr/bin/aarch64-linux-gnu-gcc  -DCHECK_FUNCTION_EXISTS=pthread_create    CMakeFiles/cmTC_672f5.dir/CheckFunctionExists.c.o  -o cmTC_672f5 -lpthreads 
/usr/bin/ld: cannot find -lpthreads
collect2: error: ld returned 1 exit status
CMakeFiles/cmTC_672f5.dir/build.make:97: recipe for target 'cmTC_672f5' failed
make[1]: *** [cmTC_672f5] Error 1
make[1]: Leaving directory '/home/nanobot1/dev2/build/CMakeFiles/CMakeTmp'
Makefile:126: recipe for target 'cmTC_672f5/fast' failed
make: *** [cmTC_672f5/fast] Error 2


