Determining if the pthread_create exist failed with the following output:
Change Dir: /home/nanobot1/dev2/build/cpp_pubsub/CMakeFiles/CMakeTmp

Run Build Command:"/usr/bin/make" "cmTC_a959e/fast"
/usr/bin/make -f CMakeFiles/cmTC_a959e.dir/build.make CMakeFiles/cmTC_a959e.dir/build
make[1]: Entering directory '/home/nanobot1/dev2/build/cpp_pubsub/CMakeFiles/CMakeTmp'
Building C object CMakeFiles/cmTC_a959e.dir/CheckSymbolExists.c.o
/usr/bin/cc    -o CMakeFiles/cmTC_a959e.dir/CheckSymbolExists.c.o   -c /home/nanobot1/dev2/build/cpp_pubsub/CMakeFiles/CMakeTmp/CheckSymbolExists.c
Linking C executable cmTC_a959e
/usr/bin/cmake -E cmake_link_script CMakeFiles/cmTC_a959e.dir/link.txt --verbose=1
/usr/bin/cc      CMakeFiles/cmTC_a959e.dir/CheckSymbolExists.c.o  -o cmTC_a959e 
CMakeFiles/cmTC_a959e.dir/CheckSymbolExists.c.o: In function `main':
CheckSymbolExists.c:(.text+0x14): undefined reference to `pthread_create'
CheckSymbolExists.c:(.text+0x18): undefined reference to `pthread_create'
collect2: error: ld returned 1 exit status
CMakeFiles/cmTC_a959e.dir/build.make:97: recipe for target 'cmTC_a959e' failed
make[1]: *** [cmTC_a959e] Error 1
make[1]: Leaving directory '/home/nanobot1/dev2/build/cpp_pubsub/CMakeFiles/CMakeTmp'
Makefile:126: recipe for target 'cmTC_a959e/fast' failed
make: *** [cmTC_a959e/fast] Error 2

File /home/nanobot1/dev2/build/cpp_pubsub/CMakeFiles/CMakeTmp/CheckSymbolExists.c:
/* */
#include <pthread.h>

int main(int argc, char** argv)
{
  (void)argv;
#ifndef pthread_create
  return ((int*)(&pthread_create))[argc];
#else
  (void)argc;
  return 0;
#endif
}

Determining if the function pthread_create exists in the pthreads failed with the following output:
Change Dir: /home/nanobot1/dev2/build/cpp_pubsub/CMakeFiles/CMakeTmp

Run Build Command:"/usr/bin/make" "cmTC_7ffeb/fast"
/usr/bin/make -f CMakeFiles/cmTC_7ffeb.dir/build.make CMakeFiles/cmTC_7ffeb.dir/build
make[1]: Entering directory '/home/nanobot1/dev2/build/cpp_pubsub/CMakeFiles/CMakeTmp'
Building C object CMakeFiles/cmTC_7ffeb.dir/CheckFunctionExists.c.o
/usr/bin/cc   -DCHECK_FUNCTION_EXISTS=pthread_create   -o CMakeFiles/cmTC_7ffeb.dir/CheckFunctionExists.c.o   -c /usr/share/cmake-3.10/Modules/CheckFunctionExists.c
Linking C executable cmTC_7ffeb
/usr/bin/cmake -E cmake_link_script CMakeFiles/cmTC_7ffeb.dir/link.txt --verbose=1
/usr/bin/cc  -DCHECK_FUNCTION_EXISTS=pthread_create    CMakeFiles/cmTC_7ffeb.dir/CheckFunctionExists.c.o  -o cmTC_7ffeb -lpthreads 
/usr/bin/ld: cannot find -lpthreads
collect2: error: ld returned 1 exit status
CMakeFiles/cmTC_7ffeb.dir/build.make:97: recipe for target 'cmTC_7ffeb' failed
make[1]: *** [cmTC_7ffeb] Error 1
make[1]: Leaving directory '/home/nanobot1/dev2/build/cpp_pubsub/CMakeFiles/CMakeTmp'
Makefile:126: recipe for target 'cmTC_7ffeb/fast' failed
make: *** [cmTC_7ffeb/fast] Error 2


