[2.037s] DEBUG:colcon:Command line arguments: ['/usr/bin/colcon', 'build']
[2.037s] DEBUG:colcon:Parsed command line arguments: Namespace(allow_overriding=[], ament_cmake_args=None, base_paths=['.'], build_base='build', catkin_cmake_args=None, catkin_skip_building_tests=False, cmake_args=None, cmake_clean_cache=False, cmake_clean_first=False, cmake_force_configure=False, cmake_target=None, cmake_target_skip_unavailable=False, continue_on_error=False, event_handlers=None, executor='parallel', ignore_user_meta=False, install_base='install', log_base=None, log_level=None, main=<bound method BuildVerb.main of <colcon_core.verb.build.BuildVerb object at 0x7fb10a7fd0>>, merge_install=False, metas=['./colcon.meta'], packages_above=None, packages_above_and_dependencies=None, packages_above_depth=None, packages_end=None, packages_ignore=None, packages_ignore_regex=None, packages_select=None, packages_select_build_failed=False, packages_select_by_dep=None, packages_select_regex=None, packages_select_test_failures=False, packages_skip=None, packages_skip_build_finished=False, packages_skip_by_dep=None, packages_skip_regex=None, packages_skip_test_passed=False, packages_skip_up_to=None, packages_start=None, packages_up_to=None, packages_up_to_regex=None, parallel_workers=4, paths=None, symlink_install=False, test_result_base=None, verb_extension=<colcon_core.verb.build.BuildVerb object at 0x7fb10a7fd0>, verb_name='build', verb_parser=<colcon_defaults.argument_parser.defaults.DefaultArgumentsDecorator object at 0x7fb0fca390>)
[2.159s] Level 1:colcon.colcon_core.package_discovery:discover_packages(colcon_meta) check parameters
[2.160s] Level 1:colcon.colcon_core.package_discovery:discover_packages(recursive) check parameters
[2.160s] Level 1:colcon.colcon_core.package_discovery:discover_packages(ignore) check parameters
[2.160s] Level 1:colcon.colcon_core.package_discovery:discover_packages(path) check parameters
[2.160s] Level 1:colcon.colcon_core.package_discovery:discover_packages(colcon_meta) discover
[2.162s] Level 1:colcon.colcon_core.package_discovery:discover_packages(recursive) discover
[2.162s] INFO:colcon.colcon_core.package_discovery:Crawling recursively for packages in '/home/nanobot1/dev2'
[2.162s] Level 1:colcon.colcon_core.package_identification:_identify(.) by extensions ['ignore', 'ignore_ament_install']
[2.163s] Level 1:colcon.colcon_core.package_identification:_identify(.) by extension 'ignore'
[2.163s] Level 1:colcon.colcon_core.package_identification:_identify(.) by extension 'ignore_ament_install'
[2.164s] Level 1:colcon.colcon_core.package_identification:_identify(.) by extensions ['colcon_pkg']
[2.164s] Level 1:colcon.colcon_core.package_identification:_identify(.) by extension 'colcon_pkg'
[2.164s] Level 1:colcon.colcon_core.package_identification:_identify(.) by extensions ['colcon_meta']
[2.164s] Level 1:colcon.colcon_core.package_identification:_identify(.) by extension 'colcon_meta'
[2.164s] Level 1:colcon.colcon_core.package_identification:_identify(.) by extensions ['ros']
[2.165s] Level 1:colcon.colcon_core.package_identification:_identify(.) by extension 'ros'
[2.230s] Level 1:colcon.colcon_core.package_identification:_identify(.) by extensions ['cmake', 'python']
[2.231s] Level 1:colcon.colcon_core.package_identification:_identify(.) by extension 'cmake'
[2.231s] Level 1:colcon.colcon_core.package_identification:_identify(.) by extension 'python'
[2.231s] Level 1:colcon.colcon_core.package_identification:_identify(.) by extensions ['python_setup_py']
[2.232s] Level 1:colcon.colcon_core.package_identification:_identify(.) by extension 'python_setup_py'
[2.232s] Level 1:colcon.colcon_core.package_identification:_identify(build) by extensions ['ignore', 'ignore_ament_install']
[2.233s] Level 1:colcon.colcon_core.package_identification:_identify(build) by extension 'ignore'
[2.233s] Level 1:colcon.colcon_core.package_identification:_identify(build) ignored
[2.235s] Level 1:colcon.colcon_core.package_identification:_identify(install) by extensions ['ignore', 'ignore_ament_install']
[2.235s] Level 1:colcon.colcon_core.package_identification:_identify(install) by extension 'ignore'
[2.235s] Level 1:colcon.colcon_core.package_identification:_identify(install) ignored
[2.236s] Level 1:colcon.colcon_core.package_identification:_identify(log) by extensions ['ignore', 'ignore_ament_install']
[2.236s] Level 1:colcon.colcon_core.package_identification:_identify(log) by extension 'ignore'
[2.237s] Level 1:colcon.colcon_core.package_identification:_identify(log) ignored
[2.237s] Level 1:colcon.colcon_core.package_identification:_identify(src) by extensions ['ignore', 'ignore_ament_install']
[2.238s] Level 1:colcon.colcon_core.package_identification:_identify(src) by extension 'ignore'
[2.238s] Level 1:colcon.colcon_core.package_identification:_identify(src) by extension 'ignore_ament_install'
[2.238s] Level 1:colcon.colcon_core.package_identification:_identify(src) by extensions ['colcon_pkg']
[2.238s] Level 1:colcon.colcon_core.package_identification:_identify(src) by extension 'colcon_pkg'
[2.239s] Level 1:colcon.colcon_core.package_identification:_identify(src) by extensions ['colcon_meta']
[2.239s] Level 1:colcon.colcon_core.package_identification:_identify(src) by extension 'colcon_meta'
[2.239s] Level 1:colcon.colcon_core.package_identification:_identify(src) by extensions ['ros']
[2.239s] Level 1:colcon.colcon_core.package_identification:_identify(src) by extension 'ros'
[2.240s] Level 1:colcon.colcon_core.package_identification:_identify(src) by extensions ['cmake', 'python']
[2.240s] Level 1:colcon.colcon_core.package_identification:_identify(src) by extension 'cmake'
[2.240s] Level 1:colcon.colcon_core.package_identification:_identify(src) by extension 'python'
[2.240s] Level 1:colcon.colcon_core.package_identification:_identify(src) by extensions ['python_setup_py']
[2.241s] Level 1:colcon.colcon_core.package_identification:_identify(src) by extension 'python_setup_py'
[2.241s] Level 1:colcon.colcon_core.package_identification:_identify(src/cpp_pubsub) by extensions ['ignore', 'ignore_ament_install']
[2.242s] Level 1:colcon.colcon_core.package_identification:_identify(src/cpp_pubsub) by extension 'ignore'
[2.242s] Level 1:colcon.colcon_core.package_identification:_identify(src/cpp_pubsub) by extension 'ignore_ament_install'
[2.242s] Level 1:colcon.colcon_core.package_identification:_identify(src/cpp_pubsub) by extensions ['colcon_pkg']
[2.242s] Level 1:colcon.colcon_core.package_identification:_identify(src/cpp_pubsub) by extension 'colcon_pkg'
[2.243s] Level 1:colcon.colcon_core.package_identification:_identify(src/cpp_pubsub) by extensions ['colcon_meta']
[2.243s] Level 1:colcon.colcon_core.package_identification:_identify(src/cpp_pubsub) by extension 'colcon_meta'
[2.243s] Level 1:colcon.colcon_core.package_identification:_identify(src/cpp_pubsub) by extensions ['ros']
[2.243s] Level 1:colcon.colcon_core.package_identification:_identify(src/cpp_pubsub) by extension 'ros'
[2.257s] DEBUG:colcon.colcon_core.package_identification:Package 'src/cpp_pubsub' with type 'ros.ament_cmake' and name 'cpp_pubsub'
[2.257s] Level 1:colcon.colcon_core.package_discovery:discover_packages(recursive) using defaults
[2.258s] Level 1:colcon.colcon_core.package_discovery:discover_packages(ignore) discover
[2.258s] Level 1:colcon.colcon_core.package_discovery:discover_packages(ignore) using defaults
[2.259s] Level 1:colcon.colcon_core.package_discovery:discover_packages(path) discover
[2.259s] Level 1:colcon.colcon_core.package_discovery:discover_packages(path) using defaults
[2.394s] Level 1:colcon.colcon_core.package_discovery:discover_packages(prefix_path) check parameters
[2.395s] Level 1:colcon.colcon_core.package_discovery:discover_packages(prefix_path) discover
[2.416s] DEBUG:colcon.colcon_installed_package_information.package_discovery:Found 1 installed packages in /home/nanobot1/dev2/install
[2.428s] DEBUG:colcon.colcon_installed_package_information.package_discovery:Found 232 installed packages in /opt/ros/eloquent
[2.440s] Level 1:colcon.colcon_core.package_discovery:discover_packages(prefix_path) using defaults
[2.868s] Level 5:colcon.colcon_core.verb:set package 'cpp_pubsub' build argument 'cmake_args' from command line to 'None'
[2.868s] Level 5:colcon.colcon_core.verb:set package 'cpp_pubsub' build argument 'cmake_target' from command line to 'None'
[2.868s] Level 5:colcon.colcon_core.verb:set package 'cpp_pubsub' build argument 'cmake_target_skip_unavailable' from command line to 'False'
[2.869s] Level 5:colcon.colcon_core.verb:set package 'cpp_pubsub' build argument 'cmake_clean_cache' from command line to 'False'
[2.869s] Level 5:colcon.colcon_core.verb:set package 'cpp_pubsub' build argument 'cmake_clean_first' from command line to 'False'
[2.869s] Level 5:colcon.colcon_core.verb:set package 'cpp_pubsub' build argument 'cmake_force_configure' from command line to 'False'
[2.869s] Level 5:colcon.colcon_core.verb:set package 'cpp_pubsub' build argument 'ament_cmake_args' from command line to 'None'
[2.869s] Level 5:colcon.colcon_core.verb:set package 'cpp_pubsub' build argument 'catkin_cmake_args' from command line to 'None'
[2.869s] Level 5:colcon.colcon_core.verb:set package 'cpp_pubsub' build argument 'catkin_skip_building_tests' from command line to 'False'
[2.870s] DEBUG:colcon.colcon_core.verb:Building package 'cpp_pubsub' with the following arguments: {'ament_cmake_args': None, 'build_base': '/home/nanobot1/dev2/build/cpp_pubsub', 'catkin_cmake_args': None, 'catkin_skip_building_tests': False, 'cmake_args': None, 'cmake_clean_cache': False, 'cmake_clean_first': False, 'cmake_force_configure': False, 'cmake_target': None, 'cmake_target_skip_unavailable': False, 'install_base': '/home/nanobot1/dev2/install/cpp_pubsub', 'merge_install': False, 'path': '/home/nanobot1/dev2/src/cpp_pubsub', 'symlink_install': False, 'test_result_base': None}
[2.874s] INFO:colcon.colcon_core.executor:Executing jobs using 'parallel' executor
[2.895s] DEBUG:colcon.colcon_parallel_executor.executor.parallel:run_until_complete
[2.896s] INFO:colcon.colcon_ros.task.ament_cmake.build:Building ROS package in '/home/nanobot1/dev2/src/cpp_pubsub' with build type 'ament_cmake'
[2.896s] INFO:colcon.colcon_cmake.task.cmake.build:Building CMake package in '/home/nanobot1/dev2/src/cpp_pubsub'
[2.924s] INFO:colcon.colcon_core.plugin_system:Skipping extension 'colcon_core.shell.bat': Not used on non-Windows systems
[2.926s] INFO:colcon.colcon_core.shell:Skip shell extension 'powershell' for command environment: Not usable outside of PowerShell
[2.926s] DEBUG:colcon.colcon_core.shell:Skip shell extension 'dsv' for command environment
[2.972s] DEBUG:colcon.colcon_core.event_handler.log_command:Invoking command in '/home/nanobot1/dev2/build/cpp_pubsub': CMAKE_PREFIX_PATH=${CMAKE_PREFIX_PATH}:/opt/ros/eloquent /usr/bin/cmake --build /home/nanobot1/dev2/build/cpp_pubsub -- -j4 -l4
[3.246s] DEBUG:colcon.colcon_core.event_handler.log_command:Invoked command in '/home/nanobot1/dev2/build/cpp_pubsub' returned '0': CMAKE_PREFIX_PATH=${CMAKE_PREFIX_PATH}:/opt/ros/eloquent /usr/bin/cmake --build /home/nanobot1/dev2/build/cpp_pubsub -- -j4 -l4
[3.387s] DEBUG:colcon.colcon_core.event_handler.log_command:Invoking command in '/home/nanobot1/dev2/build/cpp_pubsub': CMAKE_PREFIX_PATH=${CMAKE_PREFIX_PATH}:/opt/ros/eloquent /usr/bin/cmake --build /home/nanobot1/dev2/build/cpp_pubsub --target install -- -j4 -l4
[3.715s] Level 1:colcon.colcon_core.environment:create_environment_scripts_only(cpp_pubsub)
[3.720s] DEBUG:colcon.colcon_core.event_handler.log_command:Invoked command in '/home/nanobot1/dev2/build/cpp_pubsub' returned '0': CMAKE_PREFIX_PATH=${CMAKE_PREFIX_PATH}:/opt/ros/eloquent /usr/bin/cmake --build /home/nanobot1/dev2/build/cpp_pubsub --target install -- -j4 -l4
[3.751s] Level 1:colcon.colcon_core.environment:checking '/home/nanobot1/dev2/install/cpp_pubsub' for CMake module files
[3.755s] Level 1:colcon.colcon_core.environment:checking '/home/nanobot1/dev2/install/cpp_pubsub' for CMake config files
[3.757s] Level 1:colcon.colcon_core.shell:create_environment_hook('cpp_pubsub', 'cmake_prefix_path')
[3.766s] INFO:colcon.colcon_core.shell:Creating environment hook '/home/nanobot1/dev2/install/cpp_pubsub/share/cpp_pubsub/hook/cmake_prefix_path.ps1'
[3.770s] INFO:colcon.colcon_core.shell:Creating environment descriptor '/home/nanobot1/dev2/install/cpp_pubsub/share/cpp_pubsub/hook/cmake_prefix_path.dsv'
[3.773s] INFO:colcon.colcon_core.shell:Creating environment hook '/home/nanobot1/dev2/install/cpp_pubsub/share/cpp_pubsub/hook/cmake_prefix_path.sh'
[3.780s] Level 1:colcon.colcon_core.environment:checking '/home/nanobot1/dev2/install/cpp_pubsub/lib'
[3.781s] Level 1:colcon.colcon_core.environment:checking '/home/nanobot1/dev2/install/cpp_pubsub/bin'
[3.782s] Level 1:colcon.colcon_core.environment:checking '/home/nanobot1/dev2/install/cpp_pubsub/lib/pkgconfig/cpp_pubsub.pc'
[3.783s] Level 1:colcon.colcon_core.environment:checking '/home/nanobot1/dev2/install/cpp_pubsub/lib/python3.6/site-packages'
[3.784s] Level 1:colcon.colcon_core.environment:checking '/home/nanobot1/dev2/install/cpp_pubsub/bin'
[3.794s] INFO:colcon.colcon_core.shell:Creating package script '/home/nanobot1/dev2/install/cpp_pubsub/share/cpp_pubsub/package.ps1'
[3.799s] INFO:colcon.colcon_core.shell:Creating package descriptor '/home/nanobot1/dev2/install/cpp_pubsub/share/cpp_pubsub/package.dsv'
[3.803s] INFO:colcon.colcon_core.shell:Creating package script '/home/nanobot1/dev2/install/cpp_pubsub/share/cpp_pubsub/package.sh'
[3.808s] INFO:colcon.colcon_core.shell:Creating package script '/home/nanobot1/dev2/install/cpp_pubsub/share/cpp_pubsub/package.bash'
[3.814s] INFO:colcon.colcon_core.shell:Creating package script '/home/nanobot1/dev2/install/cpp_pubsub/share/cpp_pubsub/package.zsh'
[3.819s] Level 1:colcon.colcon_core.environment:create_file_with_runtime_dependencies(/home/nanobot1/dev2/install/cpp_pubsub/share/colcon-core/packages/cpp_pubsub)
[3.929s] Level 1:colcon.colcon_core.environment:create_environment_scripts_only(cpp_pubsub)
[3.942s] Level 1:colcon.colcon_core.environment:checking '/home/nanobot1/dev2/install/cpp_pubsub' for CMake module files
[3.945s] Level 1:colcon.colcon_core.environment:checking '/home/nanobot1/dev2/install/cpp_pubsub' for CMake config files
[3.947s] Level 1:colcon.colcon_core.shell:create_environment_hook('cpp_pubsub', 'cmake_prefix_path')
[3.955s] INFO:colcon.colcon_core.shell:Creating environment hook '/home/nanobot1/dev2/install/cpp_pubsub/share/cpp_pubsub/hook/cmake_prefix_path.ps1'
[3.957s] INFO:colcon.colcon_core.shell:Creating environment descriptor '/home/nanobot1/dev2/install/cpp_pubsub/share/cpp_pubsub/hook/cmake_prefix_path.dsv'
[3.959s] INFO:colcon.colcon_core.shell:Creating environment hook '/home/nanobot1/dev2/install/cpp_pubsub/share/cpp_pubsub/hook/cmake_prefix_path.sh'
[3.962s] Level 1:colcon.colcon_core.environment:checking '/home/nanobot1/dev2/install/cpp_pubsub/lib'
[3.963s] Level 1:colcon.colcon_core.environment:checking '/home/nanobot1/dev2/install/cpp_pubsub/bin'
[3.963s] Level 1:colcon.colcon_core.environment:checking '/home/nanobot1/dev2/install/cpp_pubsub/lib/pkgconfig/cpp_pubsub.pc'
[3.964s] Level 1:colcon.colcon_core.environment:checking '/home/nanobot1/dev2/install/cpp_pubsub/lib/python3.6/site-packages'
[3.965s] Level 1:colcon.colcon_core.environment:checking '/home/nanobot1/dev2/install/cpp_pubsub/bin'
[3.973s] INFO:colcon.colcon_core.shell:Creating package script '/home/nanobot1/dev2/install/cpp_pubsub/share/cpp_pubsub/package.ps1'
[3.976s] INFO:colcon.colcon_core.shell:Creating package descriptor '/home/nanobot1/dev2/install/cpp_pubsub/share/cpp_pubsub/package.dsv'
[3.978s] INFO:colcon.colcon_core.shell:Creating package script '/home/nanobot1/dev2/install/cpp_pubsub/share/cpp_pubsub/package.sh'
[3.980s] INFO:colcon.colcon_core.shell:Creating package script '/home/nanobot1/dev2/install/cpp_pubsub/share/cpp_pubsub/package.bash'
[3.981s] INFO:colcon.colcon_core.shell:Creating package script '/home/nanobot1/dev2/install/cpp_pubsub/share/cpp_pubsub/package.zsh'
[3.983s] Level 1:colcon.colcon_core.environment:create_file_with_runtime_dependencies(/home/nanobot1/dev2/install/cpp_pubsub/share/colcon-core/packages/cpp_pubsub)
[3.984s] DEBUG:colcon.colcon_parallel_executor.executor.parallel:closing loop
[3.986s] DEBUG:colcon.colcon_parallel_executor.executor.parallel:loop closed
[3.987s] DEBUG:colcon.colcon_parallel_executor.executor.parallel:run_until_complete finished with '0'
[3.988s] DEBUG:colcon.colcon_core.event_reactor:joining thread
[4.015s] INFO:colcon.colcon_core.plugin_system:Skipping extension 'colcon_notification.desktop_notification.terminal_notifier': Not used on non-Darwin systems
[4.015s] INFO:colcon.colcon_core.plugin_system:Skipping extension 'colcon_notification.desktop_notification.win32': Not used on non-Windows systems
[4.016s] INFO:colcon.colcon_notification.desktop_notification:Sending desktop notification using 'notify2'
[4.088s] DEBUG:colcon.colcon_core.event_reactor:joined thread
[4.098s] INFO:colcon.colcon_core.shell:Creating prefix script '/home/nanobot1/dev2/install/local_setup.ps1'
[4.104s] INFO:colcon.colcon_core.shell:Creating prefix util module '/home/nanobot1/dev2/install/_local_setup_util_ps1.py'
[4.113s] INFO:colcon.colcon_core.shell:Creating prefix chain script '/home/nanobot1/dev2/install/setup.ps1'
[4.122s] INFO:colcon.colcon_core.shell:Creating prefix script '/home/nanobot1/dev2/install/local_setup.sh'
[4.125s] INFO:colcon.colcon_core.shell:Creating prefix util module '/home/nanobot1/dev2/install/_local_setup_util_sh.py'
[4.128s] INFO:colcon.colcon_core.shell:Creating prefix chain script '/home/nanobot1/dev2/install/setup.sh'
[4.136s] INFO:colcon.colcon_core.shell:Creating prefix script '/home/nanobot1/dev2/install/local_setup.bash'
[4.140s] INFO:colcon.colcon_core.shell:Creating prefix chain script '/home/nanobot1/dev2/install/setup.bash'
[4.149s] INFO:colcon.colcon_core.shell:Creating prefix script '/home/nanobot1/dev2/install/local_setup.zsh'
[4.152s] INFO:colcon.colcon_core.shell:Creating prefix chain script '/home/nanobot1/dev2/install/setup.zsh'
